<?xml version="1.0" encoding="UTF-8"?>
<!-- Generated by org.testng.reporters.JUnitReportReporter -->
<testsuite hostname="DESKTOP-RF2SJNG" failures="0" tests="1" name="com.maven.day6.CSVReaderExample" time="0.027" errors="0" timestamp="2021-11-03T18:22:46 GMT-07:00" skipped="0">
  <testcase classname="com.maven.day6.CSVReaderExample" name="f" time="0.027"/>
  <system-out/>
</testsuite> <!-- com.maven.day6.CSVReaderExample -->
