<?xml version="1.0" encoding="UTF-8"?>
<!-- Generated by org.testng.reporters.JUnitReportReporter -->
<testsuite hostname="DESKTOP-RF2SJNG" failures="0" tests="1" name="com.maven.day6.FirstScript" time="3.034" errors="0" timestamp="2021-11-03T15:25:17 PDT" skipped="0">
  <testcase classname="com.maven.day6.FirstScript" name="dropDownExample" time="3.034"/>
  <system-out/>
</testsuite> <!-- com.maven.day6.FirstScript -->
